[2025-05-24 08:13:12] production.ERROR: The /Users/damienmolinieres/Documents/GitHub/Cesizen-back-end/bootstrap/cache directory must be present and writable. {"exception":"[object] (Exception(code: 0): The /Users/damienmolinieres/Documents/GitHub/Cesizen-back-end/bootstrap/cache directory must be present and writable. at /Users/damienmolinieres/Documents/GitHub/Cesizen-back-end/vendor/laravel/framework/src/Illuminate/Foundation/PackageManifest.php:180)
[stacktrace]
#0 /Users/damienmolinieres/Documents/GitHub/Cesizen-back-end/vendor/laravel/framework/src/Illuminate/Foundation/PackageManifest.php(133): Illuminate\\Foundation\\PackageManifest->write(Array)
#1 /Users/damienmolinieres/Documents/GitHub/Cesizen-back-end/vendor/laravel/framework/src/Illuminate/Foundation/PackageManifest.php(109): Illuminate\\Foundation\\PackageManifest->build()
#2 /Users/damienmolinieres/Documents/GitHub/Cesizen-back-end/vendor/laravel/framework/src/Illuminate/Foundation/PackageManifest.php(91): Illuminate\\Foundation\\PackageManifest->getManifest()
#3 /Users/damienmolinieres/Documents/GitHub/Cesizen-back-end/vendor/laravel/framework/src/Illuminate/Foundation/PackageManifest.php(80): Illuminate\\Foundation\\PackageManifest->config('aliases')
#4 /Users/damienmolinieres/Documents/GitHub/Cesizen-back-end/vendor/laravel/framework/src/Illuminate/Foundation/Bootstrap/RegisterFacades.php(26): Illuminate\\Foundation\\PackageManifest->aliases()
#5 /Users/damienmolinieres/Documents/GitHub/Cesizen-back-end/vendor/laravel/framework/src/Illuminate/Foundation/Application.php(342): Illuminate\\Foundation\\Bootstrap\\RegisterFacades->bootstrap(Object(Illuminate\\Foundation\\Application))
#6 /Users/damienmolinieres/Documents/GitHub/Cesizen-back-end/vendor/laravel/framework/src/Illuminate/Foundation/Console/Kernel.php(474): Illuminate\\Foundation\\Application->bootstrapWith(Array)
#7 /Users/damienmolinieres/Documents/GitHub/Cesizen-back-end/vendor/laravel/framework/src/Illuminate/Foundation/Console/Kernel.php(196): Illuminate\\Foundation\\Console\\Kernel->bootstrap()
#8 /Users/damienmolinieres/Documents/GitHub/Cesizen-back-end/vendor/laravel/framework/src/Illuminate/Foundation/Application.php(1235): Illuminate\\Foundation\\Console\\Kernel->handle(Object(Symfony\\Component\\Console\\Input\\ArgvInput), Object(Symfony\\Component\\Console\\Output\\ConsoleOutput))
#9 /Users/damienmolinieres/Documents/GitHub/Cesizen-back-end/artisan(16): Illuminate\\Foundation\\Application->handleCommand(Object(Symfony\\Component\\Console\\Input\\ArgvInput))
#10 {main}
"} 
[2025-05-24 08:15:17] production.ERROR: The /Users/damienmolinieres/Documents/GitHub/Cesizen-back-end/bootstrap/cache directory must be present and writable. {"exception":"[object] (Exception(code: 0): The /Users/damienmolinieres/Documents/GitHub/Cesizen-back-end/bootstrap/cache directory must be present and writable. at /Users/damienmolinieres/Documents/GitHub/Cesizen-back-end/vendor/laravel/framework/src/Illuminate/Foundation/PackageManifest.php:180)
[stacktrace]
#0 /Users/damienmolinieres/Documents/GitHub/Cesizen-back-end/vendor/laravel/framework/src/Illuminate/Foundation/PackageManifest.php(133): Illuminate\\Foundation\\PackageManifest->write(Array)
#1 /Users/damienmolinieres/Documents/GitHub/Cesizen-back-end/vendor/laravel/framework/src/Illuminate/Foundation/PackageManifest.php(109): Illuminate\\Foundation\\PackageManifest->build()
#2 /Users/damienmolinieres/Documents/GitHub/Cesizen-back-end/vendor/laravel/framework/src/Illuminate/Foundation/PackageManifest.php(91): Illuminate\\Foundation\\PackageManifest->getManifest()
#3 /Users/damienmolinieres/Documents/GitHub/Cesizen-back-end/vendor/laravel/framework/src/Illuminate/Foundation/PackageManifest.php(80): Illuminate\\Foundation\\PackageManifest->config('aliases')
#4 /Users/damienmolinieres/Documents/GitHub/Cesizen-back-end/vendor/laravel/framework/src/Illuminate/Foundation/Bootstrap/RegisterFacades.php(26): Illuminate\\Foundation\\PackageManifest->aliases()
#5 /Users/damienmolinieres/Documents/GitHub/Cesizen-back-end/vendor/laravel/framework/src/Illuminate/Foundation/Application.php(342): Illuminate\\Foundation\\Bootstrap\\RegisterFacades->bootstrap(Object(Illuminate\\Foundation\\Application))
#6 /Users/damienmolinieres/Documents/GitHub/Cesizen-back-end/vendor/laravel/framework/src/Illuminate/Foundation/Console/Kernel.php(474): Illuminate\\Foundation\\Application->bootstrapWith(Array)
#7 /Users/damienmolinieres/Documents/GitHub/Cesizen-back-end/vendor/laravel/framework/src/Illuminate/Foundation/Console/Kernel.php(196): Illuminate\\Foundation\\Console\\Kernel->bootstrap()
#8 /Users/damienmolinieres/Documents/GitHub/Cesizen-back-end/vendor/laravel/framework/src/Illuminate/Foundation/Application.php(1235): Illuminate\\Foundation\\Console\\Kernel->handle(Object(Symfony\\Component\\Console\\Input\\ArgvInput), Object(Symfony\\Component\\Console\\Output\\ConsoleOutput))
#9 /Users/damienmolinieres/Documents/GitHub/Cesizen-back-end/artisan(16): Illuminate\\Foundation\\Application->handleCommand(Object(Symfony\\Component\\Console\\Input\\ArgvInput))
#10 {main}
"} 
[2025-05-24 08:22:28] production.ERROR: No application encryption key has been specified. {"exception":"[object] (Illuminate\\Encryption\\MissingAppKeyException(code: 0): No application encryption key has been specified. at /Users/damienmolinieres/Documents/GitHub/Cesizen-back-end/vendor/laravel/framework/src/Illuminate/Encryption/EncryptionServiceProvider.php:83)
[stacktrace]
#0 /Users/damienmolinieres/Documents/GitHub/Cesizen-back-end/vendor/laravel/framework/src/Illuminate/Support/helpers.php(399): Illuminate\\Encryption\\EncryptionServiceProvider->Illuminate\\Encryption\\{closure}(NULL)
#1 /Users/damienmolinieres/Documents/GitHub/Cesizen-back-end/vendor/laravel/framework/src/Illuminate/Encryption/EncryptionServiceProvider.php(81): tap(NULL, Object(Closure))
#2 /Users/damienmolinieres/Documents/GitHub/Cesizen-back-end/vendor/laravel/framework/src/Illuminate/Encryption/EncryptionServiceProvider.php(64): Illuminate\\Encryption\\EncryptionServiceProvider->key(Array)
#3 /Users/damienmolinieres/Documents/GitHub/Cesizen-back-end/vendor/laravel/framework/src/Illuminate/Encryption/EncryptionServiceProvider.php(32): Illuminate\\Encryption\\EncryptionServiceProvider->parseKey(Array)
#4 /Users/damienmolinieres/Documents/GitHub/Cesizen-back-end/vendor/laravel/framework/src/Illuminate/Container/Container.php(1010): Illuminate\\Encryption\\EncryptionServiceProvider->Illuminate\\Encryption\\{closure}(Object(Illuminate\\Foundation\\Application), Array)
#5 /Users/damienmolinieres/Documents/GitHub/Cesizen-back-end/vendor/laravel/framework/src/Illuminate/Container/Container.php(890): Illuminate\\Container\\Container->build(Object(Closure))
#6 /Users/damienmolinieres/Documents/GitHub/Cesizen-back-end/vendor/laravel/framework/src/Illuminate/Foundation/Application.php(1078): Illuminate\\Container\\Container->resolve('encrypter', Array, true)
#7 /Users/damienmolinieres/Documents/GitHub/Cesizen-back-end/vendor/laravel/framework/src/Illuminate/Container/Container.php(821): Illuminate\\Foundation\\Application->resolve('encrypter', Array)
#8 /Users/damienmolinieres/Documents/GitHub/Cesizen-back-end/vendor/laravel/framework/src/Illuminate/Foundation/Application.php(1058): Illuminate\\Container\\Container->make('encrypter', Array)
#9 /Users/damienmolinieres/Documents/GitHub/Cesizen-back-end/vendor/laravel/framework/src/Illuminate/Container/Container.php(1194): Illuminate\\Foundation\\Application->make('encrypter')
#10 /Users/damienmolinieres/Documents/GitHub/Cesizen-back-end/vendor/laravel/framework/src/Illuminate/Container/Container.php(1101): Illuminate\\Container\\Container->resolveClass(Object(ReflectionParameter))
#11 /Users/damienmolinieres/Documents/GitHub/Cesizen-back-end/vendor/laravel/framework/src/Illuminate/Container/Container.php(1052): Illuminate\\Container\\Container->resolveDependencies(Array)
#12 /Users/damienmolinieres/Documents/GitHub/Cesizen-back-end/vendor/laravel/framework/src/Illuminate/Container/Container.php(890): Illuminate\\Container\\Container->build('Illuminate\\\\Cook...')
#13 /Users/damienmolinieres/Documents/GitHub/Cesizen-back-end/vendor/laravel/framework/src/Illuminate/Foundation/Application.php(1078): Illuminate\\Container\\Container->resolve('Illuminate\\\\Cook...', Array, true)
#14 /Users/damienmolinieres/Documents/GitHub/Cesizen-back-end/vendor/laravel/framework/src/Illuminate/Container/Container.php(821): Illuminate\\Foundation\\Application->resolve('Illuminate\\\\Cook...', Array)
#15 /Users/damienmolinieres/Documents/GitHub/Cesizen-back-end/vendor/laravel/framework/src/Illuminate/Foundation/Application.php(1058): Illuminate\\Container\\Container->make('Illuminate\\\\Cook...', Array)
#16 /Users/damienmolinieres/Documents/GitHub/Cesizen-back-end/vendor/laravel/framework/src/Illuminate/Pipeline/Pipeline.php(198): Illuminate\\Foundation\\Application->make('Illuminate\\\\Cook...')
#17 /Users/damienmolinieres/Documents/GitHub/Cesizen-back-end/vendor/laravel/framework/src/Illuminate/Pipeline/Pipeline.php(127): Illuminate\\Pipeline\\Pipeline->Illuminate\\Pipeline\\{closure}(Object(Illuminate\\Http\\Request))
#18 /Users/damienmolinieres/Documents/GitHub/Cesizen-back-end/vendor/laravel/framework/src/Illuminate/Routing/Router.php(808): Illuminate\\Pipeline\\Pipeline->then(Object(Closure))
#19 /Users/damienmolinieres/Documents/GitHub/Cesizen-back-end/vendor/laravel/framework/src/Illuminate/Routing/Router.php(787): Illuminate\\Routing\\Router->runRouteWithinStack(Object(Illuminate\\Routing\\Route), Object(Illuminate\\Http\\Request))
#20 /Users/damienmolinieres/Documents/GitHub/Cesizen-back-end/vendor/laravel/framework/src/Illuminate/Routing/Router.php(751): Illuminate\\Routing\\Router->runRoute(Object(Illuminate\\Http\\Request), Object(Illuminate\\Routing\\Route))
#21 /Users/damienmolinieres/Documents/GitHub/Cesizen-back-end/vendor/laravel/framework/src/Illuminate/Routing/Router.php(740): Illuminate\\Routing\\Router->dispatchToRoute(Object(Illuminate\\Http\\Request))
#22 /Users/damienmolinieres/Documents/GitHub/Cesizen-back-end/vendor/laravel/framework/src/Illuminate/Foundation/Http/Kernel.php(201): Illuminate\\Routing\\Router->dispatch(Object(Illuminate\\Http\\Request))
#23 /Users/damienmolinieres/Documents/GitHub/Cesizen-back-end/vendor/laravel/framework/src/Illuminate/Pipeline/Pipeline.php(170): Illuminate\\Foundation\\Http\\Kernel->Illuminate\\Foundation\\Http\\{closure}(Object(Illuminate\\Http\\Request))
#24 /Users/damienmolinieres/Documents/GitHub/Cesizen-back-end/vendor/laravel/framework/src/Illuminate/Foundation/Http/Middleware/TransformsRequest.php(21): Illuminate\\Pipeline\\Pipeline->Illuminate\\Pipeline\\{closure}(Object(Illuminate\\Http\\Request))
#25 /Users/damienmolinieres/Documents/GitHub/Cesizen-back-end/vendor/laravel/framework/src/Illuminate/Foundation/Http/Middleware/ConvertEmptyStringsToNull.php(31): Illuminate\\Foundation\\Http\\Middleware\\TransformsRequest->handle(Object(Illuminate\\Http\\Request), Object(Closure))
#26 /Users/damienmolinieres/Documents/GitHub/Cesizen-back-end/vendor/laravel/framework/src/Illuminate/Pipeline/Pipeline.php(209): Illuminate\\Foundation\\Http\\Middleware\\ConvertEmptyStringsToNull->handle(Object(Illuminate\\Http\\Request), Object(Closure))
#27 /Users/damienmolinieres/Documents/GitHub/Cesizen-back-end/vendor/laravel/framework/src/Illuminate/Foundation/Http/Middleware/TransformsRequest.php(21): Illuminate\\Pipeline\\Pipeline->Illuminate\\Pipeline\\{closure}(Object(Illuminate\\Http\\Request))
#28 /Users/damienmolinieres/Documents/GitHub/Cesizen-back-end/vendor/laravel/framework/src/Illuminate/Foundation/Http/Middleware/TrimStrings.php(51): Illuminate\\Foundation\\Http\\Middleware\\TransformsRequest->handle(Object(Illuminate\\Http\\Request), Object(Closure))
#29 /Users/damienmolinieres/Documents/GitHub/Cesizen-back-end/vendor/laravel/framework/src/Illuminate/Pipeline/Pipeline.php(209): Illuminate\\Foundation\\Http\\Middleware\\TrimStrings->handle(Object(Illuminate\\Http\\Request), Object(Closure))
#30 /Users/damienmolinieres/Documents/GitHub/Cesizen-back-end/vendor/laravel/framework/src/Illuminate/Http/Middleware/ValidatePostSize.php(27): Illuminate\\Pipeline\\Pipeline->Illuminate\\Pipeline\\{closure}(Object(Illuminate\\Http\\Request))
#31 /Users/damienmolinieres/Documents/GitHub/Cesizen-back-end/vendor/laravel/framework/src/Illuminate/Pipeline/Pipeline.php(209): Illuminate\\Http\\Middleware\\ValidatePostSize->handle(Object(Illuminate\\Http\\Request), Object(Closure))
#32 /Users/damienmolinieres/Documents/GitHub/Cesizen-back-end/vendor/laravel/framework/src/Illuminate/Foundation/Http/Middleware/PreventRequestsDuringMaintenance.php(110): Illuminate\\Pipeline\\Pipeline->Illuminate\\Pipeline\\{closure}(Object(Illuminate\\Http\\Request))
#33 /Users/damienmolinieres/Documents/GitHub/Cesizen-back-end/vendor/laravel/framework/src/Illuminate/Pipeline/Pipeline.php(209): Illuminate\\Foundation\\Http\\Middleware\\PreventRequestsDuringMaintenance->handle(Object(Illuminate\\Http\\Request), Object(Closure))
#34 /Users/damienmolinieres/Documents/GitHub/Cesizen-back-end/vendor/laravel/framework/src/Illuminate/Http/Middleware/HandleCors.php(49): Illuminate\\Pipeline\\Pipeline->Illuminate\\Pipeline\\{closure}(Object(Illuminate\\Http\\Request))
#35 /Users/damienmolinieres/Documents/GitHub/Cesizen-back-end/vendor/laravel/framework/src/Illuminate/Pipeline/Pipeline.php(209): Illuminate\\Http\\Middleware\\HandleCors->handle(Object(Illuminate\\Http\\Request), Object(Closure))
#36 /Users/damienmolinieres/Documents/GitHub/Cesizen-back-end/vendor/laravel/framework/src/Illuminate/Http/Middleware/TrustProxies.php(58): Illuminate\\Pipeline\\Pipeline->Illuminate\\Pipeline\\{closure}(Object(Illuminate\\Http\\Request))
#37 /Users/damienmolinieres/Documents/GitHub/Cesizen-back-end/vendor/laravel/framework/src/Illuminate/Pipeline/Pipeline.php(209): Illuminate\\Http\\Middleware\\TrustProxies->handle(Object(Illuminate\\Http\\Request), Object(Closure))
#38 /Users/damienmolinieres/Documents/GitHub/Cesizen-back-end/vendor/laravel/framework/src/Illuminate/Foundation/Http/Middleware/InvokeDeferredCallbacks.php(22): Illuminate\\Pipeline\\Pipeline->Illuminate\\Pipeline\\{closure}(Object(Illuminate\\Http\\Request))
#39 /Users/damienmolinieres/Documents/GitHub/Cesizen-back-end/vendor/laravel/framework/src/Illuminate/Pipeline/Pipeline.php(209): Illuminate\\Foundation\\Http\\Middleware\\InvokeDeferredCallbacks->handle(Object(Illuminate\\Http\\Request), Object(Closure))
#40 /Users/damienmolinieres/Documents/GitHub/Cesizen-back-end/vendor/laravel/framework/src/Illuminate/Http/Middleware/ValidatePathEncoding.php(26): Illuminate\\Pipeline\\Pipeline->Illuminate\\Pipeline\\{closure}(Object(Illuminate\\Http\\Request))
#41 /Users/damienmolinieres/Documents/GitHub/Cesizen-back-end/vendor/laravel/framework/src/Illuminate/Pipeline/Pipeline.php(209): Illuminate\\Http\\Middleware\\ValidatePathEncoding->handle(Object(Illuminate\\Http\\Request), Object(Closure))
#42 /Users/damienmolinieres/Documents/GitHub/Cesizen-back-end/vendor/laravel/framework/src/Illuminate/Pipeline/Pipeline.php(127): Illuminate\\Pipeline\\Pipeline->Illuminate\\Pipeline\\{closure}(Object(Illuminate\\Http\\Request))
#43 /Users/damienmolinieres/Documents/GitHub/Cesizen-back-end/vendor/laravel/framework/src/Illuminate/Foundation/Http/Kernel.php(176): Illuminate\\Pipeline\\Pipeline->then(Object(Closure))
#44 /Users/damienmolinieres/Documents/GitHub/Cesizen-back-end/vendor/laravel/framework/src/Illuminate/Foundation/Http/Kernel.php(145): Illuminate\\Foundation\\Http\\Kernel->sendRequestThroughRouter(Object(Illuminate\\Http\\Request))
#45 /Users/damienmolinieres/Documents/GitHub/Cesizen-back-end/vendor/laravel/framework/src/Illuminate/Foundation/Application.php(1220): Illuminate\\Foundation\\Http\\Kernel->handle(Object(Illuminate\\Http\\Request))
#46 /Users/damienmolinieres/Documents/GitHub/Cesizen-back-end/public/index.php(20): Illuminate\\Foundation\\Application->handleRequest(Object(Illuminate\\Http\\Request))
#47 /Applications/Herd.app/Contents/Resources/valet/server.php(167): require('/Users/damienmo...')
#48 {main}
"} 
[2025-05-24 08:22:28] production.ERROR: Please provide a valid cache path. {"exception":"[object] (InvalidArgumentException(code: 0): Please provide a valid cache path. at /Users/damienmolinieres/Documents/GitHub/Cesizen-back-end/vendor/laravel/framework/src/Illuminate/View/Compilers/Compiler.php:67)
[stacktrace]
#0 /Users/damienmolinieres/Documents/GitHub/Cesizen-back-end/vendor/laravel/framework/src/Illuminate/View/ViewServiceProvider.php(97): Illuminate\\View\\Compilers\\Compiler->__construct(Object(Illuminate\\Filesystem\\Filesystem), false, '', true, 'php')
#1 /Users/damienmolinieres/Documents/GitHub/Cesizen-back-end/vendor/laravel/framework/src/Illuminate/Container/Container.php(1010): Illuminate\\View\\ViewServiceProvider->Illuminate\\View\\{closure}(Object(Illuminate\\Foundation\\Application), Array)
#2 /Users/damienmolinieres/Documents/GitHub/Cesizen-back-end/vendor/laravel/framework/src/Illuminate/Container/Container.php(890): Illuminate\\Container\\Container->build(Object(Closure))
#3 /Users/damienmolinieres/Documents/GitHub/Cesizen-back-end/vendor/laravel/framework/src/Illuminate/Foundation/Application.php(1078): Illuminate\\Container\\Container->resolve('blade.compiler', Array, true)
#4 /Users/damienmolinieres/Documents/GitHub/Cesizen-back-end/vendor/laravel/framework/src/Illuminate/Container/Container.php(821): Illuminate\\Foundation\\Application->resolve('blade.compiler', Array)
#5 /Users/damienmolinieres/Documents/GitHub/Cesizen-back-end/vendor/laravel/framework/src/Illuminate/Foundation/Application.php(1058): Illuminate\\Container\\Container->make('blade.compiler', Array)
#6 /Users/damienmolinieres/Documents/GitHub/Cesizen-back-end/vendor/laravel/framework/src/Illuminate/View/ViewServiceProvider.php(168): Illuminate\\Foundation\\Application->make('blade.compiler')
#7 [internal function]: Illuminate\\View\\ViewServiceProvider->Illuminate\\View\\{closure}()
#8 /Users/damienmolinieres/Documents/GitHub/Cesizen-back-end/vendor/laravel/framework/src/Illuminate/View/Engines/EngineResolver.php(55): call_user_func(Object(Closure))
#9 /Users/damienmolinieres/Documents/GitHub/Cesizen-back-end/vendor/laravel/framework/src/Illuminate/View/Factory.php(326): Illuminate\\View\\Engines\\EngineResolver->resolve('blade')
#10 /Users/damienmolinieres/Documents/GitHub/Cesizen-back-end/vendor/laravel/framework/src/Illuminate/View/Factory.php(288): Illuminate\\View\\Factory->getEngineFromPath('/Users/damienmo...')
#11 /Users/damienmolinieres/Documents/GitHub/Cesizen-back-end/vendor/laravel/framework/src/Illuminate/View/Factory.php(160): Illuminate\\View\\Factory->viewInstance('errors::500', '/Users/damienmo...', Array)
#12 /Users/damienmolinieres/Documents/GitHub/Cesizen-back-end/vendor/laravel/framework/src/Illuminate/Routing/ResponseFactory.php(91): Illuminate\\View\\Factory->make('errors::500', Array)
#13 /Users/damienmolinieres/Documents/GitHub/Cesizen-back-end/vendor/laravel/framework/src/Illuminate/Foundation/Exceptions/Handler.php(898): Illuminate\\Routing\\ResponseFactory->view('errors::500', Array, 500, Array)
#14 /Users/damienmolinieres/Documents/GitHub/Cesizen-back-end/vendor/laravel/framework/src/Illuminate/Foundation/Exceptions/Handler.php(819): Illuminate\\Foundation\\Exceptions\\Handler->renderHttpException(Object(Symfony\\Component\\HttpKernel\\Exception\\HttpException))
#15 /Users/damienmolinieres/Documents/GitHub/Cesizen-back-end/vendor/laravel/framework/src/Illuminate/Foundation/Exceptions/Handler.php(710): Illuminate\\Foundation\\Exceptions\\Handler->prepareResponse(Object(Illuminate\\Http\\Request), Object(Symfony\\Component\\HttpKernel\\Exception\\HttpException))
#16 /Users/damienmolinieres/Documents/GitHub/Cesizen-back-end/vendor/laravel/framework/src/Illuminate/Foundation/Exceptions/Handler.php(598): Illuminate\\Foundation\\Exceptions\\Handler->renderExceptionResponse(Object(Illuminate\\Http\\Request), Object(Illuminate\\Encryption\\MissingAppKeyException))
#17 /Users/damienmolinieres/Documents/GitHub/Cesizen-back-end/vendor/laravel/framework/src/Illuminate/Routing/Pipeline.php(51): Illuminate\\Foundation\\Exceptions\\Handler->render(Object(Illuminate\\Http\\Request), Object(Illuminate\\Encryption\\MissingAppKeyException))
#18 /Users/damienmolinieres/Documents/GitHub/Cesizen-back-end/vendor/laravel/framework/src/Illuminate/Pipeline/Pipeline.php(214): Illuminate\\Routing\\Pipeline->handleException(Object(Illuminate\\Http\\Request), Object(Illuminate\\Encryption\\MissingAppKeyException))
#19 /Users/damienmolinieres/Documents/GitHub/Cesizen-back-end/vendor/laravel/framework/src/Illuminate/Pipeline/Pipeline.php(127): Illuminate\\Pipeline\\Pipeline->Illuminate\\Pipeline\\{closure}(Object(Illuminate\\Http\\Request))
#20 /Users/damienmolinieres/Documents/GitHub/Cesizen-back-end/vendor/laravel/framework/src/Illuminate/Routing/Router.php(808): Illuminate\\Pipeline\\Pipeline->then(Object(Closure))
#21 /Users/damienmolinieres/Documents/GitHub/Cesizen-back-end/vendor/laravel/framework/src/Illuminate/Routing/Router.php(787): Illuminate\\Routing\\Router->runRouteWithinStack(Object(Illuminate\\Routing\\Route), Object(Illuminate\\Http\\Request))
#22 /Users/damienmolinieres/Documents/GitHub/Cesizen-back-end/vendor/laravel/framework/src/Illuminate/Routing/Router.php(751): Illuminate\\Routing\\Router->runRoute(Object(Illuminate\\Http\\Request), Object(Illuminate\\Routing\\Route))
#23 /Users/damienmolinieres/Documents/GitHub/Cesizen-back-end/vendor/laravel/framework/src/Illuminate/Routing/Router.php(740): Illuminate\\Routing\\Router->dispatchToRoute(Object(Illuminate\\Http\\Request))
#24 /Users/damienmolinieres/Documents/GitHub/Cesizen-back-end/vendor/laravel/framework/src/Illuminate/Foundation/Http/Kernel.php(201): Illuminate\\Routing\\Router->dispatch(Object(Illuminate\\Http\\Request))
#25 /Users/damienmolinieres/Documents/GitHub/Cesizen-back-end/vendor/laravel/framework/src/Illuminate/Pipeline/Pipeline.php(170): Illuminate\\Foundation\\Http\\Kernel->Illuminate\\Foundation\\Http\\{closure}(Object(Illuminate\\Http\\Request))
#26 /Users/damienmolinieres/Documents/GitHub/Cesizen-back-end/vendor/laravel/framework/src/Illuminate/Foundation/Http/Middleware/TransformsRequest.php(21): Illuminate\\Pipeline\\Pipeline->Illuminate\\Pipeline\\{closure}(Object(Illuminate\\Http\\Request))
#27 /Users/damienmolinieres/Documents/GitHub/Cesizen-back-end/vendor/laravel/framework/src/Illuminate/Foundation/Http/Middleware/ConvertEmptyStringsToNull.php(31): Illuminate\\Foundation\\Http\\Middleware\\TransformsRequest->handle(Object(Illuminate\\Http\\Request), Object(Closure))
#28 /Users/damienmolinieres/Documents/GitHub/Cesizen-back-end/vendor/laravel/framework/src/Illuminate/Pipeline/Pipeline.php(209): Illuminate\\Foundation\\Http\\Middleware\\ConvertEmptyStringsToNull->handle(Object(Illuminate\\Http\\Request), Object(Closure))
#29 /Users/damienmolinieres/Documents/GitHub/Cesizen-back-end/vendor/laravel/framework/src/Illuminate/Foundation/Http/Middleware/TransformsRequest.php(21): Illuminate\\Pipeline\\Pipeline->Illuminate\\Pipeline\\{closure}(Object(Illuminate\\Http\\Request))
#30 /Users/damienmolinieres/Documents/GitHub/Cesizen-back-end/vendor/laravel/framework/src/Illuminate/Foundation/Http/Middleware/TrimStrings.php(51): Illuminate\\Foundation\\Http\\Middleware\\TransformsRequest->handle(Object(Illuminate\\Http\\Request), Object(Closure))
#31 /Users/damienmolinieres/Documents/GitHub/Cesizen-back-end/vendor/laravel/framework/src/Illuminate/Pipeline/Pipeline.php(209): Illuminate\\Foundation\\Http\\Middleware\\TrimStrings->handle(Object(Illuminate\\Http\\Request), Object(Closure))
#32 /Users/damienmolinieres/Documents/GitHub/Cesizen-back-end/vendor/laravel/framework/src/Illuminate/Http/Middleware/ValidatePostSize.php(27): Illuminate\\Pipeline\\Pipeline->Illuminate\\Pipeline\\{closure}(Object(Illuminate\\Http\\Request))
#33 /Users/damienmolinieres/Documents/GitHub/Cesizen-back-end/vendor/laravel/framework/src/Illuminate/Pipeline/Pipeline.php(209): Illuminate\\Http\\Middleware\\ValidatePostSize->handle(Object(Illuminate\\Http\\Request), Object(Closure))
#34 /Users/damienmolinieres/Documents/GitHub/Cesizen-back-end/vendor/laravel/framework/src/Illuminate/Foundation/Http/Middleware/PreventRequestsDuringMaintenance.php(110): Illuminate\\Pipeline\\Pipeline->Illuminate\\Pipeline\\{closure}(Object(Illuminate\\Http\\Request))
#35 /Users/damienmolinieres/Documents/GitHub/Cesizen-back-end/vendor/laravel/framework/src/Illuminate/Pipeline/Pipeline.php(209): Illuminate\\Foundation\\Http\\Middleware\\PreventRequestsDuringMaintenance->handle(Object(Illuminate\\Http\\Request), Object(Closure))
#36 /Users/damienmolinieres/Documents/GitHub/Cesizen-back-end/vendor/laravel/framework/src/Illuminate/Http/Middleware/HandleCors.php(49): Illuminate\\Pipeline\\Pipeline->Illuminate\\Pipeline\\{closure}(Object(Illuminate\\Http\\Request))
#37 /Users/damienmolinieres/Documents/GitHub/Cesizen-back-end/vendor/laravel/framework/src/Illuminate/Pipeline/Pipeline.php(209): Illuminate\\Http\\Middleware\\HandleCors->handle(Object(Illuminate\\Http\\Request), Object(Closure))
#38 /Users/damienmolinieres/Documents/GitHub/Cesizen-back-end/vendor/laravel/framework/src/Illuminate/Http/Middleware/TrustProxies.php(58): Illuminate\\Pipeline\\Pipeline->Illuminate\\Pipeline\\{closure}(Object(Illuminate\\Http\\Request))
#39 /Users/damienmolinieres/Documents/GitHub/Cesizen-back-end/vendor/laravel/framework/src/Illuminate/Pipeline/Pipeline.php(209): Illuminate\\Http\\Middleware\\TrustProxies->handle(Object(Illuminate\\Http\\Request), Object(Closure))
#40 /Users/damienmolinieres/Documents/GitHub/Cesizen-back-end/vendor/laravel/framework/src/Illuminate/Foundation/Http/Middleware/InvokeDeferredCallbacks.php(22): Illuminate\\Pipeline\\Pipeline->Illuminate\\Pipeline\\{closure}(Object(Illuminate\\Http\\Request))
#41 /Users/damienmolinieres/Documents/GitHub/Cesizen-back-end/vendor/laravel/framework/src/Illuminate/Pipeline/Pipeline.php(209): Illuminate\\Foundation\\Http\\Middleware\\InvokeDeferredCallbacks->handle(Object(Illuminate\\Http\\Request), Object(Closure))
#42 /Users/damienmolinieres/Documents/GitHub/Cesizen-back-end/vendor/laravel/framework/src/Illuminate/Http/Middleware/ValidatePathEncoding.php(26): Illuminate\\Pipeline\\Pipeline->Illuminate\\Pipeline\\{closure}(Object(Illuminate\\Http\\Request))
#43 /Users/damienmolinieres/Documents/GitHub/Cesizen-back-end/vendor/laravel/framework/src/Illuminate/Pipeline/Pipeline.php(209): Illuminate\\Http\\Middleware\\ValidatePathEncoding->handle(Object(Illuminate\\Http\\Request), Object(Closure))
#44 /Users/damienmolinieres/Documents/GitHub/Cesizen-back-end/vendor/laravel/framework/src/Illuminate/Pipeline/Pipeline.php(127): Illuminate\\Pipeline\\Pipeline->Illuminate\\Pipeline\\{closure}(Object(Illuminate\\Http\\Request))
#45 /Users/damienmolinieres/Documents/GitHub/Cesizen-back-end/vendor/laravel/framework/src/Illuminate/Foundation/Http/Kernel.php(176): Illuminate\\Pipeline\\Pipeline->then(Object(Closure))
#46 /Users/damienmolinieres/Documents/GitHub/Cesizen-back-end/vendor/laravel/framework/src/Illuminate/Foundation/Http/Kernel.php(145): Illuminate\\Foundation\\Http\\Kernel->sendRequestThroughRouter(Object(Illuminate\\Http\\Request))
#47 /Users/damienmolinieres/Documents/GitHub/Cesizen-back-end/vendor/laravel/framework/src/Illuminate/Foundation/Application.php(1220): Illuminate\\Foundation\\Http\\Kernel->handle(Object(Illuminate\\Http\\Request))
#48 /Users/damienmolinieres/Documents/GitHub/Cesizen-back-end/public/index.php(20): Illuminate\\Foundation\\Application->handleRequest(Object(Illuminate\\Http\\Request))
#49 /Applications/Herd.app/Contents/Resources/valet/server.php(167): require('/Users/damienmo...')
#50 {main}
"} 
[2025-05-24 08:22:28] production.ERROR: No application encryption key has been specified. {"exception":"[object] (Illuminate\\Encryption\\MissingAppKeyException(code: 0): No application encryption key has been specified. at /Users/damienmolinieres/Documents/GitHub/Cesizen-back-end/vendor/laravel/framework/src/Illuminate/Encryption/EncryptionServiceProvider.php:83)
[stacktrace]
#0 /Users/damienmolinieres/Documents/GitHub/Cesizen-back-end/vendor/laravel/framework/src/Illuminate/Support/helpers.php(399): Illuminate\\Encryption\\EncryptionServiceProvider->Illuminate\\Encryption\\{closure}(NULL)
#1 /Users/damienmolinieres/Documents/GitHub/Cesizen-back-end/vendor/laravel/framework/src/Illuminate/Encryption/EncryptionServiceProvider.php(81): tap(NULL, Object(Closure))
#2 /Users/damienmolinieres/Documents/GitHub/Cesizen-back-end/vendor/laravel/framework/src/Illuminate/Encryption/EncryptionServiceProvider.php(64): Illuminate\\Encryption\\EncryptionServiceProvider->key(Array)
#3 /Users/damienmolinieres/Documents/GitHub/Cesizen-back-end/vendor/laravel/framework/src/Illuminate/Encryption/EncryptionServiceProvider.php(32): Illuminate\\Encryption\\EncryptionServiceProvider->parseKey(Array)
#4 /Users/damienmolinieres/Documents/GitHub/Cesizen-back-end/vendor/laravel/framework/src/Illuminate/Container/Container.php(1010): Illuminate\\Encryption\\EncryptionServiceProvider->Illuminate\\Encryption\\{closure}(Object(Illuminate\\Foundation\\Application), Array)
#5 /Users/damienmolinieres/Documents/GitHub/Cesizen-back-end/vendor/laravel/framework/src/Illuminate/Container/Container.php(890): Illuminate\\Container\\Container->build(Object(Closure))
#6 /Users/damienmolinieres/Documents/GitHub/Cesizen-back-end/vendor/laravel/framework/src/Illuminate/Foundation/Application.php(1078): Illuminate\\Container\\Container->resolve('encrypter', Array, true)
#7 /Users/damienmolinieres/Documents/GitHub/Cesizen-back-end/vendor/laravel/framework/src/Illuminate/Container/Container.php(821): Illuminate\\Foundation\\Application->resolve('encrypter', Array)
#8 /Users/damienmolinieres/Documents/GitHub/Cesizen-back-end/vendor/laravel/framework/src/Illuminate/Foundation/Application.php(1058): Illuminate\\Container\\Container->make('encrypter', Array)
#9 /Users/damienmolinieres/Documents/GitHub/Cesizen-back-end/vendor/laravel/framework/src/Illuminate/Container/Container.php(1194): Illuminate\\Foundation\\Application->make('encrypter')
#10 /Users/damienmolinieres/Documents/GitHub/Cesizen-back-end/vendor/laravel/framework/src/Illuminate/Container/Container.php(1101): Illuminate\\Container\\Container->resolveClass(Object(ReflectionParameter))
#11 /Users/damienmolinieres/Documents/GitHub/Cesizen-back-end/vendor/laravel/framework/src/Illuminate/Container/Container.php(1052): Illuminate\\Container\\Container->resolveDependencies(Array)
#12 /Users/damienmolinieres/Documents/GitHub/Cesizen-back-end/vendor/laravel/framework/src/Illuminate/Container/Container.php(890): Illuminate\\Container\\Container->build('Illuminate\\\\Cook...')
#13 /Users/damienmolinieres/Documents/GitHub/Cesizen-back-end/vendor/laravel/framework/src/Illuminate/Foundation/Application.php(1078): Illuminate\\Container\\Container->resolve('Illuminate\\\\Cook...', Array, true)
#14 /Users/damienmolinieres/Documents/GitHub/Cesizen-back-end/vendor/laravel/framework/src/Illuminate/Container/Container.php(821): Illuminate\\Foundation\\Application->resolve('Illuminate\\\\Cook...', Array)
#15 /Users/damienmolinieres/Documents/GitHub/Cesizen-back-end/vendor/laravel/framework/src/Illuminate/Foundation/Application.php(1058): Illuminate\\Container\\Container->make('Illuminate\\\\Cook...', Array)
#16 /Users/damienmolinieres/Documents/GitHub/Cesizen-back-end/vendor/laravel/framework/src/Illuminate/Foundation/Http/Kernel.php(258): Illuminate\\Foundation\\Application->make('Illuminate\\\\Cook...')
#17 /Users/damienmolinieres/Documents/GitHub/Cesizen-back-end/vendor/laravel/framework/src/Illuminate/Foundation/Http/Kernel.php(216): Illuminate\\Foundation\\Http\\Kernel->terminateMiddleware(Object(Illuminate\\Http\\Request), Object(Illuminate\\Http\\Response))
#18 /Users/damienmolinieres/Documents/GitHub/Cesizen-back-end/vendor/laravel/framework/src/Illuminate/Foundation/Application.php(1222): Illuminate\\Foundation\\Http\\Kernel->terminate(Object(Illuminate\\Http\\Request), Object(Illuminate\\Http\\Response))
#19 /Users/damienmolinieres/Documents/GitHub/Cesizen-back-end/public/index.php(20): Illuminate\\Foundation\\Application->handleRequest(Object(Illuminate\\Http\\Request))
#20 /Applications/Herd.app/Contents/Resources/valet/server.php(167): require('/Users/damienmo...')
#21 {main}
"} 
[2025-05-24 08:22:28] production.ERROR: Please provide a valid cache path. {"exception":"[object] (InvalidArgumentException(code: 0): Please provide a valid cache path. at /Users/damienmolinieres/Documents/GitHub/Cesizen-back-end/vendor/laravel/framework/src/Illuminate/View/Compilers/Compiler.php:67)
[stacktrace]
#0 /Users/damienmolinieres/Documents/GitHub/Cesizen-back-end/vendor/laravel/framework/src/Illuminate/View/ViewServiceProvider.php(97): Illuminate\\View\\Compilers\\Compiler->__construct(Object(Illuminate\\Filesystem\\Filesystem), false, '', true, 'php')
#1 /Users/damienmolinieres/Documents/GitHub/Cesizen-back-end/vendor/laravel/framework/src/Illuminate/Container/Container.php(1010): Illuminate\\View\\ViewServiceProvider->Illuminate\\View\\{closure}(Object(Illuminate\\Foundation\\Application), Array)
#2 /Users/damienmolinieres/Documents/GitHub/Cesizen-back-end/vendor/laravel/framework/src/Illuminate/Container/Container.php(890): Illuminate\\Container\\Container->build(Object(Closure))
#3 /Users/damienmolinieres/Documents/GitHub/Cesizen-back-end/vendor/laravel/framework/src/Illuminate/Foundation/Application.php(1078): Illuminate\\Container\\Container->resolve('blade.compiler', Array, true)
#4 /Users/damienmolinieres/Documents/GitHub/Cesizen-back-end/vendor/laravel/framework/src/Illuminate/Container/Container.php(821): Illuminate\\Foundation\\Application->resolve('blade.compiler', Array)
#5 /Users/damienmolinieres/Documents/GitHub/Cesizen-back-end/vendor/laravel/framework/src/Illuminate/Foundation/Application.php(1058): Illuminate\\Container\\Container->make('blade.compiler', Array)
#6 /Users/damienmolinieres/Documents/GitHub/Cesizen-back-end/vendor/laravel/framework/src/Illuminate/View/ViewServiceProvider.php(168): Illuminate\\Foundation\\Application->make('blade.compiler')
#7 [internal function]: Illuminate\\View\\ViewServiceProvider->Illuminate\\View\\{closure}()
#8 /Users/damienmolinieres/Documents/GitHub/Cesizen-back-end/vendor/laravel/framework/src/Illuminate/View/Engines/EngineResolver.php(55): call_user_func(Object(Closure))
#9 /Users/damienmolinieres/Documents/GitHub/Cesizen-back-end/vendor/laravel/framework/src/Illuminate/View/Factory.php(319): Illuminate\\View\\Engines\\EngineResolver->resolve('blade')
#10 /Users/damienmolinieres/Documents/GitHub/Cesizen-back-end/vendor/laravel/framework/src/Illuminate/View/Factory.php(288): Illuminate\\View\\Factory->getEngineFromPath('/Users/damienmo...')
#11 /Users/damienmolinieres/Documents/GitHub/Cesizen-back-end/vendor/laravel/framework/src/Illuminate/View/Factory.php(160): Illuminate\\View\\Factory->viewInstance('errors::500', '/Users/damienmo...', Array)
#12 /Users/damienmolinieres/Documents/GitHub/Cesizen-back-end/vendor/laravel/framework/src/Illuminate/Routing/ResponseFactory.php(91): Illuminate\\View\\Factory->make('errors::500', Array)
#13 /Users/damienmolinieres/Documents/GitHub/Cesizen-back-end/vendor/laravel/framework/src/Illuminate/Foundation/Exceptions/Handler.php(898): Illuminate\\Routing\\ResponseFactory->view('errors::500', Array, 500, Array)
#14 /Users/damienmolinieres/Documents/GitHub/Cesizen-back-end/vendor/laravel/framework/src/Illuminate/Foundation/Exceptions/Handler.php(819): Illuminate\\Foundation\\Exceptions\\Handler->renderHttpException(Object(Symfony\\Component\\HttpKernel\\Exception\\HttpException))
#15 /Users/damienmolinieres/Documents/GitHub/Cesizen-back-end/vendor/laravel/framework/src/Illuminate/Foundation/Exceptions/Handler.php(710): Illuminate\\Foundation\\Exceptions\\Handler->prepareResponse(Object(Illuminate\\Http\\Request), Object(Symfony\\Component\\HttpKernel\\Exception\\HttpException))
#16 /Users/damienmolinieres/Documents/GitHub/Cesizen-back-end/vendor/laravel/framework/src/Illuminate/Foundation/Exceptions/Handler.php(598): Illuminate\\Foundation\\Exceptions\\Handler->renderExceptionResponse(Object(Illuminate\\Http\\Request), Object(Illuminate\\Encryption\\MissingAppKeyException))
#17 /Users/damienmolinieres/Documents/GitHub/Cesizen-back-end/vendor/laravel/framework/src/Illuminate/Foundation/Bootstrap/HandleExceptions.php(219): Illuminate\\Foundation\\Exceptions\\Handler->render(Object(Illuminate\\Http\\Request), Object(Illuminate\\Encryption\\MissingAppKeyException))
#18 /Users/damienmolinieres/Documents/GitHub/Cesizen-back-end/vendor/laravel/framework/src/Illuminate/Foundation/Bootstrap/HandleExceptions.php(196): Illuminate\\Foundation\\Bootstrap\\HandleExceptions->renderHttpResponse(Object(Illuminate\\Encryption\\MissingAppKeyException))
#19 /Users/damienmolinieres/Documents/GitHub/Cesizen-back-end/vendor/laravel/framework/src/Illuminate/Foundation/Bootstrap/HandleExceptions.php(256): Illuminate\\Foundation\\Bootstrap\\HandleExceptions->handleException(Object(Illuminate\\Encryption\\MissingAppKeyException))
#20 [internal function]: Illuminate\\Foundation\\Bootstrap\\HandleExceptions->Illuminate\\Foundation\\Bootstrap\\{closure}(Object(Illuminate\\Encryption\\MissingAppKeyException))
#21 {main}
"} 
